<?xml version="1.0" encoding="UTF-8"?>
<!-- Generated by org.testng.reporters.JUnitReportReporter -->
<testsuite hostname="DESKTOP-0EFE3AH" name="com.TestPage.RegistrationTestPage" tests="3" failures="0" timestamp="6 Aug 2021 06:25:51 GMT" time="34.828" errors="0">
  <testcase name="registerTest" time="10.078" classname="com.TestPage.RegistrationTestPage"/>
  <testcase name="registerTest" time="13.124" classname="com.TestPage.RegistrationTestPage"/>
  <testcase name="registerTest" time="11.626" classname="com.TestPage.RegistrationTestPage"/>
</testsuite> <!-- com.TestPage.RegistrationTestPage -->
